  sorting.cpp
C:\Users\Moldovan\source\repos\sorting\sorting\sorting.cpp(108,15): warning C4244: 'argument' : conversion de 'time_t' en 'unsigned int', perte possible de données
C:\Users\Moldovan\source\repos\sorting\sorting\sorting.cpp(149,51): warning C4244: 'argument' : conversion de 'int' en 'T', perte possible de données
          with
          [
              T=float
          ]
C:\Users\Moldovan\source\repos\sorting\sorting\sorting.cpp(149,38): warning C4244: 'argument' : conversion de 'int' en 'T', perte possible de données
          with
          [
              T=float
          ]
C:\Users\Moldovan\source\repos\sorting\sorting\sorting.cpp(159,36): warning C4244: 'argument' : conversion de 'int' en 'float', perte possible de données
C:\Users\Moldovan\source\repos\sorting\sorting\sorting.cpp(159,33): warning C4244: 'argument' : conversion de 'int' en 'float', perte possible de données
  Génération de code en cours
  4 of 12 functions (33.3%) were compiled, the rest were copied from previous compilation.
    0 functions were new in current compilation
    0 functions had inline decision re-evaluated but remain unchanged
  Fin de la génération du code
  sorting.vcxproj -> C:\Users\Moldovan\source\repos\sorting\Release\sorting.exe
